<?xml version="1.0" encoding="UTF-8"?>
<testng-results ignored="0" total="1" passed="1" failed="0" skipped="0">
  <reporter-output>
  </reporter-output>
  <suite started-at="2021-06-19T16:58:58 IST" name="Default suite" finished-at="2021-06-19T16:59:05 IST" duration-ms="7216">
    <groups>
    </groups>
    <test started-at="2021-06-19T16:58:58 IST" name="Default test" finished-at="2021-06-19T16:59:05 IST" duration-ms="7216">
      <class name="testcase.Test1">
        <test-method signature="TC1()[pri:0, instance:testcase.Test1@7ff95560]" started-at="2021-06-19T16:58:58 IST" name="TC1" finished-at="2021-06-19T16:59:05 IST" duration-ms="7185" status="PASS">
          <reporter-output>
          </reporter-output>
        </test-method> <!-- TC1 -->
      </class> <!-- testcase.Test1 -->
    </test> <!-- Default test -->
  </suite> <!-- Default suite -->
</testng-results>
